[0.000000] (-) TimerEvent: {}
[0.000198] (webots_ros2_brick) JobQueued: {'identifier': 'webots_ros2_brick', 'dependencies': OrderedDict()}
[0.000323] (webots_ros2_brick) JobStarted: {'identifier': 'webots_ros2_brick'}
[0.042181] (webots_ros2_brick) StderrLine: {'line': b'Traceback (most recent call last):\n  File "/usr/lib/python3/dist-packages/colcon_core/executor/__init__.py", line 91, in __call__\n    rc = await self.task(*args, **kwargs)\n  File "/usr/lib/python3/dist-packages/colcon_core/task/__init__.py", line 93, in __call__\n    return await task_method(*args, **kwargs)\n  File "/usr/lib/python3/dist-packages/colcon_ros/task/ament_python/build.py", line 102, in build\n    return await extension.build(additional_hooks=additional_hooks)\n  File "/usr/lib/python3/dist-packages/colcon_core/task/python/build.py", line 90, in build\n    available_commands = await self._get_available_commands(\n  File "/usr/lib/python3/dist-packages/colcon_core/task/python/build.py", line 188, in _get_available_commands\n    output = await check_output(\n  File "/usr/lib/python3/dist-packages/colcon_core/subprocess.py", line 129, in check_output\n    assert not rc, f\'Expected {args} to pass: {stderr_data}\'\nAssertionError: Expected [\'/usr/bin/python3\', \'-W\', \'ignore:setup.py install is deprecated\', \'setup.py\', \'--help-commands\'] to pass: /usr/bin/python3: can\'t open file \'/home/ferre/brick/BRICK-WEBots/webots_ros2_brick/setup.py\': [Errno 2] No such file or directory\n\n'}
[0.042673] (webots_ros2_brick) JobEnded: {'identifier': 'webots_ros2_brick', 'rc': 1}
[0.052869] (-) EventReactorShutdown: {}
