[0.016s] Invoking command in '/home/ferre/brick/BRICK-WEBots/build/vizanti_msgs': /usr/bin/cmake --build /home/ferre/brick/BRICK-WEBots/build/vizanti_msgs -- -j12 -l12
[0.048s] -- Found ament_cmake: 2.0.5 (/opt/ros/iron/share/ament_cmake/cmake)
[0.201s] Traceback (most recent call last):
[0.202s]   File "/opt/ros/iron/share/ament_cmake_core/cmake/package_templates/templates_2_cmake.py", line 21, in <module>
[0.202s]     from ament_package.templates import get_environment_hook_template_path
[0.202s] ModuleNotFoundError: No module named 'ament_package'
[0.217s] [31mCMake Error at /opt/ros/iron/share/ament_cmake_core/cmake/ament_cmake_package_templates-extras.cmake:41 (message):
[0.217s]   execute_process(/usr/bin/python3.10
[0.217s]   /opt/ros/iron/share/ament_cmake_core/cmake/package_templates/templates_2_cmake.py
[0.217s]   /home/ferre/brick/BRICK-WEBots/build/vizanti_msgs/ament_cmake_package_templates/templates.cmake)
[0.218s]   returned error code 1
[0.218s] Call Stack (most recent call first):
[0.218s]   /opt/ros/iron/share/ament_cmake_core/cmake/ament_cmake_coreConfig.cmake:41 (include)
[0.218s]   /opt/ros/iron/share/ament_cmake/cmake/ament_cmake_export_dependencies-extras.cmake:15 (find_package)
[0.218s]   /opt/ros/iron/share/ament_cmake/cmake/ament_cmakeConfig.cmake:41 (include)
[0.218s]   CMakeLists.txt:7 (find_package)
[0.218s] 
[0.218s] [0m
[0.219s] -- Configuring incomplete, errors occurred!
[0.219s] See also "/home/ferre/brick/BRICK-WEBots/build/vizanti_msgs/CMakeFiles/CMakeOutput.log".
[0.221s] gmake: *** [Makefile:2705: cmake_check_build_system] Error 1
[0.260s] Invoked command in '/home/ferre/brick/BRICK-WEBots/build/vizanti_msgs' returned '2': /usr/bin/cmake --build /home/ferre/brick/BRICK-WEBots/build/vizanti_msgs -- -j12 -l12
